# JRE version: Java(TM) SE Runtime Environment (15.0.2+7) (build 15.0.2+7-27)
# Java VM: Java HotSpot(TM) 64-Bit Server VM (15.0.2+7-27, mixed mode, sharing, tiered, compressed oops, g1 gc, windows-amd64)
GC Precious Log:
 CPUs: 4 total, 4 available
 Memory: 8052M
 Large Page Support: Disabled
 NUMA Support: Disabled
 Compressed Oops: Enabled (32-bit)
 Heap Region Size: 1M
 Heap Min Capacity: 8M
 Heap Initial Capacity: 126M
 Heap Max Capacity: 2014M
 Pre-touch: Disabled
 Parallel Workers: 4
 Concurrent Workers: 1
 Concurrent Refinement Workers: 4
 Periodic GC: Disabled
Heap:
 garbage-first heap   total 61440K, used 33913K [0x0000000082200000, 0x0000000100000000)
  region size 1024K, 3 young (3072K), 2 survivors (2048K)
 Metaspace       used 66879K, capacity 67493K, committed 67712K, reserved 1107968K
  class space    used 8863K, capacity 9059K, committed 9088K, reserved 1048576K
GC Heap History (20 events):
Event: 33.425 GC heap before
{Heap before GC invocations=15 (full 0):
 garbage-first heap   total 61440K, used 47817K [0x0000000082200000, 0x0000000100000000)
  region size 1024K, 29 young (29696K), 4 survivors (4096K)
 Metaspace       used 48220K, capacity 48616K, committed 48768K, reserved 1091584K
  class space    used 6249K, capacity 6421K, committed 6528K, reserved 1048576K
}
Event: 33.442 GC heap after
{Heap after GC invocations=16 (full 0):
 garbage-first heap   total 61440K, used 24188K [0x0000000082200000, 0x0000000100000000)
  region size 1024K, 4 young (4096K), 4 survivors (4096K)
 Metaspace       used 48220K, capacity 48616K, committed 48768K, reserved 1091584K
  class space    used 6249K, capacity 6421K, committed 6528K, reserved 1048576K
}
Event: 35.835 GC heap before
{Heap before GC invocations=16 (full 0):
 garbage-first heap   total 61440K, used 47740K [0x0000000082200000, 0x0000000100000000)
  region size 1024K, 27 young (27648K), 4 survivors (4096K)
 Metaspace       used 53443K, capacity 53904K, committed 54144K, reserved 1095680K
  class space    used 7057K, capacity 7237K, committed 7296K, reserved 1048576K
}
Event: 35.849 GC heap after
{Heap after GC invocations=17 (full 0):
 garbage-first heap   total 61440K, used 25286K [0x0000000082200000, 0x0000000100000000)
  region size 1024K, 3 young (3072K), 3 survivors (3072K)
 Metaspace       used 53443K, capacity 53904K, committed 54144K, reserved 1095680K
  class space    used 7057K, capacity 7237K, committed 7296K, reserved 1048576K
}
Event: 38.370 GC heap before
{Heap before GC invocations=17 (full 0):
 garbage-first heap   total 61440K, used 48838K [0x0000000082200000, 0x0000000100000000)
  region size 1024K, 26 young (26624K), 3 survivors (3072K)
 Metaspace       used 56380K, capacity 56819K, committed 57088K, reserved 1099776K
  class space    used 7422K, capacity 7590K, committed 7680K, reserved 1048576K
}
Event: 38.387 GC heap after
{Heap after GC invocations=18 (full 0):
 garbage-first heap   total 61440K, used 26999K [0x0000000082200000, 0x0000000100000000)
  region size 1024K, 4 young (4096K), 4 survivors (4096K)
 Metaspace       used 56380K, capacity 56819K, committed 57088K, reserved 1099776K
  class space    used 7422K, capacity 7590K, committed 7680K, reserved 1048576K
}
Event: 40.484 GC heap before
{Heap before GC invocations=18 (full 0):
 garbage-first heap   total 61440K, used 49527K [0x0000000082200000, 0x0000000100000000)
  region size 1024K, 26 young (26624K), 4 survivors (4096K)
 Metaspace       used 57859K, capacity 58324K, committed 58496K, reserved 1099776K
  class space    used 7611K, capacity 7790K, committed 7808K, reserved 1048576K
}
Event: 40.503 GC heap after
{Heap after GC invocations=19 (full 0):
 garbage-first heap   total 61440K, used 28042K [0x0000000082200000, 0x0000000100000000)
  region size 1024K, 3 young (3072K), 3 survivors (3072K)
 Metaspace       used 57859K, capacity 58324K, committed 58496K, reserved 1099776K
  class space    used 7611K, capacity 7790K, committed 7808K, reserved 1048576K
}
Event: 45.172 GC heap before
{Heap before GC invocations=19 (full 0):
 garbage-first heap   total 61440K, used 48522K [0x0000000082200000, 0x0000000100000000)
  region size 1024K, 24 young (24576K), 3 survivors (3072K)
 Metaspace       used 59644K, capacity 60093K, committed 60160K, reserved 1101824K
  class space    used 7859K, capacity 8016K, committed 8064K, reserved 1048576K
}
Event: 45.192 GC heap after
{Heap after GC invocations=20 (full 0):
 garbage-first heap   total 61440K, used 29506K [0x0000000082200000, 0x0000000100000000)
  region size 1024K, 3 young (3072K), 3 survivors (3072K)
 Metaspace       used 59644K, capacity 60093K, committed 60160K, reserved 1101824K
  class space    used 7859K, capacity 8016K, committed 8064K, reserved 1048576K
}
Event: 48.717 GC heap before
{Heap before GC invocations=21 (full 0):
 garbage-first heap   total 61440K, used 48962K [0x0000000082200000, 0x0000000100000000)
  region size 1024K, 22 young (22528K), 3 survivors (3072K)
 Metaspace       used 60524K, capacity 61027K, committed 61184K, reserved 1101824K
  class space    used 7995K, capacity 8195K, committed 8320K, reserved 1048576K
}
Event: 48.736 GC heap after
{Heap after GC invocations=22 (full 0):
 garbage-first heap   total 61440K, used 31250K [0x0000000082200000, 0x0000000100000000)
  region size 1024K, 3 young (3072K), 3 survivors (3072K)
 Metaspace       used 60524K, capacity 61027K, committed 61184K, reserved 1101824K
  class space    used 7995K, capacity 8195K, committed 8320K, reserved 1048576K
}
Event: 50.899 GC heap before
{Heap before GC invocations=22 (full 0):
 garbage-first heap   total 61440K, used 49682K [0x0000000082200000, 0x0000000100000000)
  region size 1024K, 21 young (21504K), 3 survivors (3072K)
 Metaspace       used 61848K, capacity 62383K, committed 62464K, reserved 1103872K
  class space    used 8181K, capacity 8391K, committed 8448K, reserved 1048576K
}
Event: 50.920 GC heap after
{Heap after GC invocations=23 (full 0):
 garbage-first heap   total 61440K, used 33222K [0x0000000082200000, 0x0000000100000000)
  region size 1024K, 2 young (2048K), 2 survivors (2048K)
 Metaspace       used 61848K, capacity 62383K, committed 62464K, reserved 1103872K
  class space    used 8181K, capacity 8391K, committed 8448K, reserved 1048576K
}
Event: 53.029 GC heap before
{Heap before GC invocations=24 (full 0):
 garbage-first heap   total 61440K, used 49606K [0x0000000082200000, 0x0000000100000000)
  region size 1024K, 18 young (18432K), 2 survivors (2048K)
 Metaspace       used 62578K, capacity 63145K, committed 63360K, reserved 1103872K
  class space    used 8270K, capacity 8468K, committed 8576K, reserved 1048576K
}
Event: 53.047 GC heap after
{Heap after GC invocations=25 (full 0):
 garbage-first heap   total 61440K, used 35251K [0x0000000082200000, 0x0000000100000000)
  region size 1024K, 2 young (2048K), 2 survivors (2048K)
 Metaspace       used 62578K, capacity 63145K, committed 63360K, reserved 1103872K
  class space    used 8270K, capacity 8468K, committed 8576K, reserved 1048576K
}
Event: 53.308 GC heap before
{Heap before GC invocations=25 (full 0):
 garbage-first heap   total 61440K, used 36275K [0x0000000082200000, 0x0000000100000000)
  region size 1024K, 3 young (3072K), 2 survivors (2048K)
 Metaspace       used 62961K, capacity 63500K, committed 63616K, reserved 1103872K
  class space    used 8324K, capacity 8501K, committed 8576K, reserved 1048576K
}
Event: 53.344 GC heap after
{Heap after GC invocations=26 (full 0):
 garbage-first heap   total 61440K, used 33136K [0x0000000082200000, 0x0000000100000000)
  region size 1024K, 1 young (1024K), 1 survivors (1024K)
 Metaspace       used 62961K, capacity 63500K, committed 63616K, reserved 1103872K
  class space    used 8324K, capacity 8501K, committed 8576K, reserved 1048576K
}
Event: 56.294 GC heap before
{Heap before GC invocations=26 (full 0):
 garbage-first heap   total 61440K, used 48496K [0x0000000082200000, 0x0000000100000000)
  region size 1024K, 17 young (17408K), 1 survivors (1024K)
 Metaspace       used 66715K, capacity 67365K, committed 67456K, reserved 1107968K
  class space    used 8846K, capacity 9059K, committed 9088K, reserved 1048576K
}
Event: 56.307 GC heap after
{Heap after GC invocations=27 (full 0):
 garbage-first heap   total 61440K, used 33913K [0x0000000082200000, 0x0000000100000000)
  region size 1024K, 2 young (2048K), 2 survivors (2048K)
 Metaspace       used 66715K, capacity 67365K, committed 67456K, reserved 1107968K
  class space    used 8846K, capacity 9059K, committed 9088K, reserved 1048576K
}

